{
  "stats": {
    "suites": 1,
    "tests": 1,
    "passes": 0,
    "pending": 2,
    "failures": -1,
    "start": "2024-05-28T16:04:24.023Z",
    "end": "2024-05-28T16:04:24.234Z",
    "duration": 211,
    "testsRegistered": 2,
    "passPercent": null,
    "pendingPercent": 100,
    "other": 1,
    "hasOther": true,
    "skipped": 0,
    "hasSkipped": false
  },
  "results": [
    {
      "uuid": "cdc6bf87-6c74-47ba-babf-51ada3e6e227",
      "title": "",
      "fullFile": "cypress\\integrations\\examples\\BDD\\ecommerce.feature",
      "file": "cypress\\integrations\\examples\\BDD\\ecommerce.feature",
      "beforeHooks": [],
      "afterHooks": [],
      "tests": [],
      "suites": [
        {
          "uuid": "7b1aa342-d22a-491a-a155-0fa50fd5a13d",
          "title": "End to end Ecommerce validation",
          "fullFile": "",
          "file": "",
          "beforeHooks": [],
          "afterHooks": [],
          "tests": [
            {
              "title": "Ecommerce products delivery",
              "fullTitle": "End to end Ecommerce validation Ecommerce products delivery",
              "timedOut": null,
              "duration": 0,
              "state": "pending",
              "speed": null,
              "pass": false,
              "fail": false,
              "pending": true,
              "context": null,
              "code": "",
              "err": {},
              "uuid": "fbd8e321-f76b-4ac8-a026-027d25a8a437",
              "parentUUID": "7b1aa342-d22a-491a-a155-0fa50fd5a13d",
              "isHook": false,
              "skipped": false
            },
            {
              "title": "Filling the Form to shop",
              "fullTitle": "End to end Ecommerce validation Filling the Form to shop",
              "timedOut": null,
              "duration": 0,
              "state": "pending",
              "speed": null,
              "pass": false,
              "fail": false,
              "pending": true,
              "context": null,
              "code": "",
              "err": {},
              "uuid": "9848d577-1dc2-4dde-8e13-6b7763151388",
              "parentUUID": "7b1aa342-d22a-491a-a155-0fa50fd5a13d",
              "isHook": false,
              "skipped": false
            }
          ],
          "suites": [],
          "passes": [],
          "failures": [],
          "pending": [
            "fbd8e321-f76b-4ac8-a026-027d25a8a437",
            "9848d577-1dc2-4dde-8e13-6b7763151388"
          ],
          "skipped": [],
          "duration": 0,
          "root": false,
          "rootEmpty": false,
          "_timeout": 2000
        }
      ],
      "passes": [],
      "failures": [],
      "pending": [],
      "skipped": [],
      "duration": 0,
      "root": true,
      "rootEmpty": true,
      "_timeout": 2000
    }
  ],
  "meta": {
    "mocha": {
      "version": "7.0.1"
    },
    "mochawesome": {
      "options": {
        "quiet": false,
        "reportFilename": "mochawesome",
        "saveHtml": false,
        "saveJson": true,
        "consoleReporter": "spec",
        "useInlineDiffs": false,
        "code": true
      },
      "version": "7.1.3"
    },
    "marge": {
      "options": {
        "overwrite": false,
        "html": false,
        "json": true,
        "reportDir": "cypress\\reports\\html\\.jsons"
      },
      "version": "6.2.0"
    }
  }
}